<?xml version="1.0" encoding="UTF-8"?>
<testsuite name="com.softwarelabs.com.product.HttpRequestTest" tests="1" skipped="0" failures="0" errors="0" timestamp="2019-02-20T20:13:20" hostname="MBP15-W396HTD6" time="5.201">
  <properties/>
  <testcase name="greetingShouldReturnDefaultMessage" classname="com.softwarelabs.com.product.HttpRequestTest" time="5.201"/>
  <system-out><![CDATA[2019-02-20 22:13:19.162  INFO 16961 --- [    Test worker] .b.t.c.SpringBootTestContextBootstrapper : Neither @ContextConfiguration nor @ContextHierarchy found for test class [com.softwarelabs.com.product.HttpRequestTest], using SpringBootContextLoader
2019-02-20 22:13:19.163  INFO 16961 --- [    Test worker] o.s.t.c.support.AbstractContextLoader    : Could not detect default resource locations for test class [com.softwarelabs.com.product.HttpRequestTest]: no resource found for suffixes {-context.xml, Context.groovy}.
2019-02-20 22:13:19.164  INFO 16961 --- [    Test worker] t.c.s.AnnotationConfigContextLoaderUtils : Could not detect default configuration classes for test class [com.softwarelabs.com.product.HttpRequestTest]: HttpRequestTest does not declare any static, non-private, non-final, nested classes annotated with @Configuration.
2019-02-20 22:13:19.175  INFO 16961 --- [    Test worker] .b.t.c.SpringBootTestContextBootstrapper : Found @SpringBootConfiguration com.softwarelabs.App for test class com.softwarelabs.com.product.HttpRequestTest
2019-02-20 22:13:19.176  INFO 16961 --- [    Test worker] .b.t.c.SpringBootTestContextBootstrapper : Loaded default TestExecutionListener class names from location [META-INF/spring.factories]: [org.springframework.boot.test.autoconfigure.restdocs.RestDocsTestExecutionListener, org.springframework.boot.test.autoconfigure.web.client.MockRestServiceServerResetTestExecutionListener, org.springframework.boot.test.autoconfigure.web.servlet.MockMvcPrintOnlyOnFailureTestExecutionListener, org.springframework.boot.test.autoconfigure.web.servlet.WebDriverTestExecutionListener, org.springframework.boot.test.mock.mockito.MockitoTestExecutionListener, org.springframework.boot.test.mock.mockito.ResetMocksTestExecutionListener, org.springframework.test.context.web.ServletTestExecutionListener, org.springframework.test.context.support.DirtiesContextBeforeModesTestExecutionListener, org.springframework.test.context.support.DependencyInjectionTestExecutionListener, org.springframework.test.context.support.DirtiesContextTestExecutionListener, org.springframework.test.context.transaction.TransactionalTestExecutionListener, org.springframework.test.context.jdbc.SqlScriptsTestExecutionListener]
2019-02-20 22:13:19.178  INFO 16961 --- [    Test worker] .b.t.c.SpringBootTestContextBootstrapper : Using TestExecutionListeners: [org.springframework.test.context.web.ServletTestExecutionListener@5a75306, org.springframework.test.context.support.DirtiesContextBeforeModesTestExecutionListener@1cf41c84, org.springframework.boot.test.mock.mockito.MockitoTestExecutionListener@1dd6c68f, org.springframework.boot.test.autoconfigure.SpringBootDependencyInjectionTestExecutionListener@32d3ae09, org.springframework.test.context.support.DirtiesContextTestExecutionListener@dd3f436, org.springframework.boot.test.autoconfigure.restdocs.RestDocsTestExecutionListener@31ffd934, org.springframework.boot.test.autoconfigure.web.client.MockRestServiceServerResetTestExecutionListener@1ab6833a, org.springframework.boot.test.autoconfigure.web.servlet.MockMvcPrintOnlyOnFailureTestExecutionListener@35bad583, org.springframework.boot.test.autoconfigure.web.servlet.WebDriverTestExecutionListener@275ae546, org.springframework.boot.test.mock.mockito.ResetMocksTestExecutionListener@68a3bee0]

  .   ____          _            __ _ _
 /\\ / ___'_ __ _ _(_)_ __  __ _ \ \ \ \
( ( )\___ | '_ | '_| | '_ \/ _` | \ \ \ \
 \\/  ___)| |_)| | | | | || (_| |  ) ) ) )
  '  |____| .__|_| |_|_| |_\__, | / / / /
 =========|_|==============|___/=/_/_/_/
 :: Spring Boot ::        (v2.1.3.RELEASE)

2019-02-20 22:13:19.203  INFO 16961 --- [    Test worker] c.s.com.product.HttpRequestTest          : Starting HttpRequestTest on MBP15-W396HTD6 with PID 16961 (started by erhun.baycelik in /Users/erhun.baycelik/Documents/Development/myWorkspace/softwareLabs/spring-boot-integration-test)
2019-02-20 22:13:19.204  INFO 16961 --- [    Test worker] c.s.com.product.HttpRequestTest          : No active profile set, falling back to default profiles: default
2019-02-20 22:13:19.645  INFO 16961 --- [    Test worker] o.s.b.w.embedded.tomcat.TomcatWebServer  : Tomcat initialized with port(s): 0 (http)
2019-02-20 22:13:19.679  INFO 16961 --- [    Test worker] o.apache.catalina.core.StandardService   : Starting service [Tomcat]
2019-02-20 22:13:19.679  INFO 16961 --- [    Test worker] org.apache.catalina.core.StandardEngine  : Starting Servlet engine: [Apache Tomcat/9.0.16]
2019-02-20 22:13:19.690  INFO 16961 --- [    Test worker] o.a.catalina.core.AprLifecycleListener   : The APR based Apache Tomcat Native library which allows optimal performance in production environments was not found on the java.library.path: [/Users/erhun.baycelik/Library/Java/Extensions:/Library/Java/Extensions:/Network/Library/Java/Extensions:/System/Library/Java/Extensions:/usr/lib/java:.]
2019-02-20 22:13:19.782  INFO 16961 --- [    Test worker] o.a.c.c.C.[Tomcat].[localhost].[/]       : Initializing Spring embedded WebApplicationContext
2019-02-20 22:13:19.782  INFO 16961 --- [    Test worker] o.s.web.context.ContextLoader            : Root WebApplicationContext: initialization completed in 576 ms
2019-02-20 22:13:20.034  INFO 16961 --- [    Test worker] o.s.s.concurrent.ThreadPoolTaskExecutor  : Initializing ExecutorService 'applicationTaskExecutor'
2019-02-20 22:13:20.187  INFO 16961 --- [    Test worker] o.s.b.w.embedded.tomcat.TomcatWebServer  : Tomcat started on port(s): 60017 (http) with context path ''
2019-02-20 22:13:20.187  INFO 16961 --- [    Test worker] c.s.com.product.HttpRequestTest          : Started HttpRequestTest in 1.008 seconds (JVM running for 3.817)
2019-02-20 22:13:25.294  INFO 16961 --- [o-auto-1-exec-1] o.a.c.c.C.[Tomcat].[localhost].[/]       : Initializing Spring DispatcherServlet 'dispatcherServlet'
2019-02-20 22:13:25.295  INFO 16961 --- [o-auto-1-exec-1] o.s.web.servlet.DispatcherServlet        : Initializing Servlet 'dispatcherServlet'
2019-02-20 22:13:25.307  INFO 16961 --- [o-auto-1-exec-1] o.s.web.servlet.DispatcherServlet        : Completed initialization in 12 ms
]]></system-out>
  <system-err><![CDATA[]]></system-err>
</testsuite>
