<?xml version="1.0" encoding="UTF-8"?>
<testsuite name="com.softwarelabs.com.product.WebLayerTest" tests="1" skipped="0" failures="0" errors="0" timestamp="2019-02-20T20:13:26" hostname="MBP15-W396HTD6" time="0.005">
  <properties/>
  <testcase name="shouldReturnDefaultMessage" classname="com.softwarelabs.com.product.WebLayerTest" time="0.005"/>
  <system-out><![CDATA[2019-02-20 22:13:26.520  INFO 16961 --- [    Test worker] .b.t.a.w.s.WebMvcTestContextBootstrapper : Neither @ContextConfiguration nor @ContextHierarchy found for test class [com.softwarelabs.com.product.WebLayerTest], using SpringBootContextLoader
2019-02-20 22:13:26.521  INFO 16961 --- [    Test worker] o.s.t.c.support.AbstractContextLoader    : Could not detect default resource locations for test class [com.softwarelabs.com.product.WebLayerTest]: no resource found for suffixes {-context.xml, Context.groovy}.
2019-02-20 22:13:26.522  INFO 16961 --- [    Test worker] t.c.s.AnnotationConfigContextLoaderUtils : Could not detect default configuration classes for test class [com.softwarelabs.com.product.WebLayerTest]: WebLayerTest does not declare any static, non-private, non-final, nested classes annotated with @Configuration.
2019-02-20 22:13:26.526  INFO 16961 --- [    Test worker] .b.t.c.SpringBootTestContextBootstrapper : Found @SpringBootConfiguration com.softwarelabs.App for test class com.softwarelabs.com.product.WebLayerTest
2019-02-20 22:13:26.527  INFO 16961 --- [    Test worker] .b.t.a.w.s.WebMvcTestContextBootstrapper : Loaded default TestExecutionListener class names from location [META-INF/spring.factories]: [org.springframework.boot.test.autoconfigure.restdocs.RestDocsTestExecutionListener, org.springframework.boot.test.autoconfigure.web.client.MockRestServiceServerResetTestExecutionListener, org.springframework.boot.test.autoconfigure.web.servlet.MockMvcPrintOnlyOnFailureTestExecutionListener, org.springframework.boot.test.autoconfigure.web.servlet.WebDriverTestExecutionListener, org.springframework.boot.test.mock.mockito.MockitoTestExecutionListener, org.springframework.boot.test.mock.mockito.ResetMocksTestExecutionListener, org.springframework.test.context.web.ServletTestExecutionListener, org.springframework.test.context.support.DirtiesContextBeforeModesTestExecutionListener, org.springframework.test.context.support.DependencyInjectionTestExecutionListener, org.springframework.test.context.support.DirtiesContextTestExecutionListener, org.springframework.test.context.transaction.TransactionalTestExecutionListener, org.springframework.test.context.jdbc.SqlScriptsTestExecutionListener]
2019-02-20 22:13:26.528  INFO 16961 --- [    Test worker] .b.t.a.w.s.WebMvcTestContextBootstrapper : Using TestExecutionListeners: [org.springframework.test.context.web.ServletTestExecutionListener@1bc93627, org.springframework.test.context.support.DirtiesContextBeforeModesTestExecutionListener@a06be9c, org.springframework.boot.test.mock.mockito.MockitoTestExecutionListener@1daa6850, org.springframework.boot.test.autoconfigure.SpringBootDependencyInjectionTestExecutionListener@7891e532, org.springframework.test.context.support.DirtiesContextTestExecutionListener@2a3b9c09, org.springframework.boot.test.autoconfigure.restdocs.RestDocsTestExecutionListener@1576258c, org.springframework.boot.test.autoconfigure.web.client.MockRestServiceServerResetTestExecutionListener@5b50279a, org.springframework.boot.test.autoconfigure.web.servlet.MockMvcPrintOnlyOnFailureTestExecutionListener@2c1ff1b7, org.springframework.boot.test.autoconfigure.web.servlet.WebDriverTestExecutionListener@5ab2fbe9, org.springframework.boot.test.mock.mockito.ResetMocksTestExecutionListener@7e4cef76]

  .   ____          _            __ _ _
 /\\ / ___'_ __ _ _(_)_ __  __ _ \ \ \ \
( ( )\___ | '_ | '_| | '_ \/ _` | \ \ \ \
 \\/  ___)| |_)| | | | | || (_| |  ) ) ) )
  '  |____| .__|_| |_|_| |_\__, | / / / /
 =========|_|==============|___/=/_/_/_/
 :: Spring Boot ::        (v2.1.3.RELEASE)

2019-02-20 22:13:26.543  INFO 16961 --- [    Test worker] c.softwarelabs.com.product.WebLayerTest  : Starting WebLayerTest on MBP15-W396HTD6 with PID 16961 (started by erhun.baycelik in /Users/erhun.baycelik/Documents/Development/myWorkspace/softwareLabs/spring-boot-integration-test)
2019-02-20 22:13:26.544  INFO 16961 --- [    Test worker] c.softwarelabs.com.product.WebLayerTest  : No active profile set, falling back to default profiles: default
2019-02-20 22:13:26.782  INFO 16961 --- [    Test worker] o.s.s.concurrent.ThreadPoolTaskExecutor  : Initializing ExecutorService 'applicationTaskExecutor'
2019-02-20 22:13:26.852  INFO 16961 --- [    Test worker] o.s.b.t.m.w.SpringBootMockServletContext : Initializing Spring TestDispatcherServlet ''
2019-02-20 22:13:26.852  INFO 16961 --- [    Test worker] o.s.t.web.servlet.TestDispatcherServlet  : Initializing Servlet ''
2019-02-20 22:13:26.857  INFO 16961 --- [    Test worker] o.s.t.web.servlet.TestDispatcherServlet  : Completed initialization in 5 ms
2019-02-20 22:13:26.867  INFO 16961 --- [    Test worker] c.softwarelabs.com.product.WebLayerTest  : Started WebLayerTest in 0.338 seconds (JVM running for 10.496)

MockHttpServletRequest:
      HTTP Method = GET
      Request URI = /
       Parameters = {}
          Headers = []
             Body = <no character encoding set>
    Session Attrs = {}

Handler:
             Type = com.softwarelabs.com.product.ProductController
           Method = public java.lang.String com.softwarelabs.com.product.ProductController.greeting()

Async:
    Async started = false
     Async result = null

Resolved Exception:
             Type = null

ModelAndView:
        View name = null
             View = null
            Model = null

FlashMap:
       Attributes = null

MockHttpServletResponse:
           Status = 200
    Error message = null
          Headers = [Content-Type:"text/plain;charset=UTF-8", Content-Length:"11"]
     Content type = text/plain;charset=UTF-8
             Body = Hello World
    Forwarded URL = null
   Redirected URL = null
          Cookies = []
]]></system-out>
  <system-err><![CDATA[]]></system-err>
</testsuite>
