<?xml version="1.0" encoding="UTF-8"?>
<testsuite name="com.softwarelabs.com.product.WebMockTest" tests="1" skipped="0" failures="0" errors="0" timestamp="2019-02-20T20:13:25" hostname="MBP15-W396HTD6" time="0.108">
  <properties/>
  <testcase name="greetingShouldReturnMessageFromService" classname="com.softwarelabs.com.product.WebMockTest" time="0.108"/>
  <system-out><![CDATA[2019-02-20 22:13:25.396  INFO 16961 --- [    Test worker] .b.t.a.w.s.WebMvcTestContextBootstrapper : Neither @ContextConfiguration nor @ContextHierarchy found for test class [com.softwarelabs.com.product.WebMockTest], using SpringBootContextLoader
2019-02-20 22:13:25.397  INFO 16961 --- [    Test worker] o.s.t.c.support.AbstractContextLoader    : Could not detect default resource locations for test class [com.softwarelabs.com.product.WebMockTest]: no resource found for suffixes {-context.xml, Context.groovy}.
2019-02-20 22:13:25.397  INFO 16961 --- [    Test worker] t.c.s.AnnotationConfigContextLoaderUtils : Could not detect default configuration classes for test class [com.softwarelabs.com.product.WebMockTest]: WebMockTest does not declare any static, non-private, non-final, nested classes annotated with @Configuration.
2019-02-20 22:13:25.412  INFO 16961 --- [    Test worker] .b.t.c.SpringBootTestContextBootstrapper : Found @SpringBootConfiguration com.softwarelabs.App for test class com.softwarelabs.com.product.WebMockTest
2019-02-20 22:13:25.413  INFO 16961 --- [    Test worker] .b.t.a.w.s.WebMvcTestContextBootstrapper : Loaded default TestExecutionListener class names from location [META-INF/spring.factories]: [org.springframework.boot.test.autoconfigure.restdocs.RestDocsTestExecutionListener, org.springframework.boot.test.autoconfigure.web.client.MockRestServiceServerResetTestExecutionListener, org.springframework.boot.test.autoconfigure.web.servlet.MockMvcPrintOnlyOnFailureTestExecutionListener, org.springframework.boot.test.autoconfigure.web.servlet.WebDriverTestExecutionListener, org.springframework.boot.test.mock.mockito.MockitoTestExecutionListener, org.springframework.boot.test.mock.mockito.ResetMocksTestExecutionListener, org.springframework.test.context.web.ServletTestExecutionListener, org.springframework.test.context.support.DirtiesContextBeforeModesTestExecutionListener, org.springframework.test.context.support.DependencyInjectionTestExecutionListener, org.springframework.test.context.support.DirtiesContextTestExecutionListener, org.springframework.test.context.transaction.TransactionalTestExecutionListener, org.springframework.test.context.jdbc.SqlScriptsTestExecutionListener]
2019-02-20 22:13:25.414  INFO 16961 --- [    Test worker] .b.t.a.w.s.WebMvcTestContextBootstrapper : Using TestExecutionListeners: [org.springframework.test.context.web.ServletTestExecutionListener@25c2f428, org.springframework.test.context.support.DirtiesContextBeforeModesTestExecutionListener@2669fb5, org.springframework.boot.test.mock.mockito.MockitoTestExecutionListener@3be38e75, org.springframework.boot.test.autoconfigure.SpringBootDependencyInjectionTestExecutionListener@7c1ad48b, org.springframework.test.context.support.DirtiesContextTestExecutionListener@4ecb1c94, org.springframework.boot.test.autoconfigure.restdocs.RestDocsTestExecutionListener@78e6b9cf, org.springframework.boot.test.autoconfigure.web.client.MockRestServiceServerResetTestExecutionListener@5fd11080, org.springframework.boot.test.autoconfigure.web.servlet.MockMvcPrintOnlyOnFailureTestExecutionListener@7545297d, org.springframework.boot.test.autoconfigure.web.servlet.WebDriverTestExecutionListener@637cb4fd, org.springframework.boot.test.mock.mockito.ResetMocksTestExecutionListener@2e99519c]

  .   ____          _            __ _ _
 /\\ / ___'_ __ _ _(_)_ __  __ _ \ \ \ \
( ( )\___ | '_ | '_| | '_ \/ _` | \ \ \ \
 \\/  ___)| |_)| | | | | || (_| |  ) ) ) )
  '  |____| .__|_| |_|_| |_\__, | / / / /
 =========|_|==============|___/=/_/_/_/
 :: Spring Boot ::        (v2.1.3.RELEASE)

2019-02-20 22:13:25.435  INFO 16961 --- [    Test worker] c.softwarelabs.com.product.WebMockTest   : Starting WebMockTest on MBP15-W396HTD6 with PID 16961 (started by erhun.baycelik in /Users/erhun.baycelik/Documents/Development/myWorkspace/softwareLabs/spring-boot-integration-test)
2019-02-20 22:13:25.436  INFO 16961 --- [    Test worker] c.softwarelabs.com.product.WebMockTest   : No active profile set, falling back to default profiles: default
2019-02-20 22:13:25.863  INFO 16961 --- [    Test worker] o.s.s.concurrent.ThreadPoolTaskExecutor  : Initializing ExecutorService 'applicationTaskExecutor'
2019-02-20 22:13:25.944  INFO 16961 --- [    Test worker] o.s.b.t.m.w.SpringBootMockServletContext : Initializing Spring TestDispatcherServlet ''
2019-02-20 22:13:25.944  INFO 16961 --- [    Test worker] o.s.t.web.servlet.TestDispatcherServlet  : Initializing Servlet ''
2019-02-20 22:13:25.949  INFO 16961 --- [    Test worker] o.s.t.web.servlet.TestDispatcherServlet  : Completed initialization in 5 ms
2019-02-20 22:13:25.964  INFO 16961 --- [    Test worker] c.softwarelabs.com.product.WebMockTest   : Started WebMockTest in 0.548 seconds (JVM running for 9.594)

MockHttpServletRequest:
      HTTP Method = POST
      Request URI = /v1/product
       Parameters = {}
          Headers = [Content-Type:"application/json", Accept:"application/json"]
             Body = <no character encoding set>
    Session Attrs = {}

Handler:
             Type = com.softwarelabs.com.product.ProductController
           Method = public com.softwarelabs.com.product.IProductPort$ProductResponse com.softwarelabs.com.product.ProductController.createProduct(com.softwarelabs.com.product.IProductPort$ProductRequest)

Async:
    Async started = false
     Async result = null

Resolved Exception:
             Type = null

ModelAndView:
        View name = null
             View = null
            Model = null

FlashMap:
       Attributes = null

MockHttpServletResponse:
           Status = 200
    Error message = null
          Headers = [Content-Type:"application/json;charset=UTF-8"]
     Content type = application/json;charset=UTF-8
             Body = {"product":null,"result":{"success":true,"message":"Success"}}
    Forwarded URL = null
   Redirected URL = null
          Cookies = []
]]></system-out>
  <system-err><![CDATA[]]></system-err>
</testsuite>
