<?xml version="1.0" encoding="UTF-8"?>
<testsuite name="com.softwarelabs.AppTest" tests="1" skipped="0" failures="0" errors="0" timestamp="2019-02-20T20:13:18" hostname="MBP15-W396HTD6" time="0.23">
  <properties/>
  <testcase name="contextLoads" classname="com.softwarelabs.AppTest" time="0.23"/>
  <system-out><![CDATA[22:13:16.852 [Test worker] DEBUG org.springframework.test.context.junit4.SpringJUnit4ClassRunner - SpringJUnit4ClassRunner constructor called with [class com.softwarelabs.AppTest]
22:13:16.857 [Test worker] DEBUG org.springframework.test.context.BootstrapUtils - Instantiating CacheAwareContextLoaderDelegate from class [org.springframework.test.context.cache.DefaultCacheAwareContextLoaderDelegate]
22:13:16.864 [Test worker] DEBUG org.springframework.test.context.BootstrapUtils - Instantiating BootstrapContext using constructor [public org.springframework.test.context.support.DefaultBootstrapContext(java.lang.Class,org.springframework.test.context.CacheAwareContextLoaderDelegate)]
22:13:16.880 [Test worker] DEBUG org.springframework.test.context.BootstrapUtils - Instantiating TestContextBootstrapper for test class [com.softwarelabs.AppTest] from class [org.springframework.boot.test.context.SpringBootTestContextBootstrapper]
22:13:16.890 [Test worker] INFO org.springframework.boot.test.context.SpringBootTestContextBootstrapper - Neither @ContextConfiguration nor @ContextHierarchy found for test class [com.softwarelabs.AppTest], using SpringBootContextLoader
22:13:16.893 [Test worker] DEBUG org.springframework.test.context.support.AbstractContextLoader - Did not detect default resource location for test class [com.softwarelabs.AppTest]: class path resource [com/softwarelabs/AppTest-context.xml] does not exist
22:13:16.893 [Test worker] DEBUG org.springframework.test.context.support.AbstractContextLoader - Did not detect default resource location for test class [com.softwarelabs.AppTest]: class path resource [com/softwarelabs/AppTestContext.groovy] does not exist
22:13:16.894 [Test worker] INFO org.springframework.test.context.support.AbstractContextLoader - Could not detect default resource locations for test class [com.softwarelabs.AppTest]: no resource found for suffixes {-context.xml, Context.groovy}.
22:13:16.895 [Test worker] INFO org.springframework.test.context.support.AnnotationConfigContextLoaderUtils - Could not detect default configuration classes for test class [com.softwarelabs.AppTest]: AppTest does not declare any static, non-private, non-final, nested classes annotated with @Configuration.
22:13:16.932 [Test worker] DEBUG org.springframework.test.context.support.ActiveProfilesUtils - Could not find an 'annotation declaring class' for annotation type [org.springframework.test.context.ActiveProfiles] and class [com.softwarelabs.AppTest]
22:13:17.012 [Test worker] DEBUG org.springframework.context.annotation.ClassPathScanningCandidateComponentProvider - Identified candidate component class: file [/Users/erhun.baycelik/Documents/Development/myWorkspace/softwareLabs/spring-boot-integration-test/build/classes/java/main/com/softwarelabs/App.class]
22:13:17.014 [Test worker] INFO org.springframework.boot.test.context.SpringBootTestContextBootstrapper - Found @SpringBootConfiguration com.softwarelabs.App for test class com.softwarelabs.AppTest
22:13:17.121 [Test worker] DEBUG org.springframework.boot.test.context.SpringBootTestContextBootstrapper - @TestExecutionListeners is not present for class [com.softwarelabs.AppTest]: using defaults.
22:13:17.121 [Test worker] INFO org.springframework.boot.test.context.SpringBootTestContextBootstrapper - Loaded default TestExecutionListener class names from location [META-INF/spring.factories]: [org.springframework.boot.test.autoconfigure.restdocs.RestDocsTestExecutionListener, org.springframework.boot.test.autoconfigure.web.client.MockRestServiceServerResetTestExecutionListener, org.springframework.boot.test.autoconfigure.web.servlet.MockMvcPrintOnlyOnFailureTestExecutionListener, org.springframework.boot.test.autoconfigure.web.servlet.WebDriverTestExecutionListener, org.springframework.boot.test.mock.mockito.MockitoTestExecutionListener, org.springframework.boot.test.mock.mockito.ResetMocksTestExecutionListener, org.springframework.test.context.web.ServletTestExecutionListener, org.springframework.test.context.support.DirtiesContextBeforeModesTestExecutionListener, org.springframework.test.context.support.DependencyInjectionTestExecutionListener, org.springframework.test.context.support.DirtiesContextTestExecutionListener, org.springframework.test.context.transaction.TransactionalTestExecutionListener, org.springframework.test.context.jdbc.SqlScriptsTestExecutionListener]
22:13:17.130 [Test worker] DEBUG org.springframework.boot.test.context.SpringBootTestContextBootstrapper - Skipping candidate TestExecutionListener [org.springframework.test.context.transaction.TransactionalTestExecutionListener] due to a missing dependency. Specify custom listener classes or make the default listener classes and their required dependencies available. Offending class: [org/springframework/transaction/interceptor/TransactionAttributeSource]
22:13:17.130 [Test worker] DEBUG org.springframework.boot.test.context.SpringBootTestContextBootstrapper - Skipping candidate TestExecutionListener [org.springframework.test.context.jdbc.SqlScriptsTestExecutionListener] due to a missing dependency. Specify custom listener classes or make the default listener classes and their required dependencies available. Offending class: [org/springframework/transaction/interceptor/TransactionAttribute]
22:13:17.130 [Test worker] INFO org.springframework.boot.test.context.SpringBootTestContextBootstrapper - Using TestExecutionListeners: [org.springframework.test.context.web.ServletTestExecutionListener@28c50aaa, org.springframework.test.context.support.DirtiesContextBeforeModesTestExecutionListener@2e5ab926, org.springframework.boot.test.mock.mockito.MockitoTestExecutionListener@4e3bb669, org.springframework.boot.test.autoconfigure.SpringBootDependencyInjectionTestExecutionListener@634d4da5, org.springframework.test.context.support.DirtiesContextTestExecutionListener@63dd9b3c, org.springframework.boot.test.autoconfigure.restdocs.RestDocsTestExecutionListener@18b59de8, org.springframework.boot.test.autoconfigure.web.client.MockRestServiceServerResetTestExecutionListener@b2ee869, org.springframework.boot.test.autoconfigure.web.servlet.MockMvcPrintOnlyOnFailureTestExecutionListener@287accc, org.springframework.boot.test.autoconfigure.web.servlet.WebDriverTestExecutionListener@d8cc3db, org.springframework.boot.test.mock.mockito.ResetMocksTestExecutionListener@3962555f]
22:13:17.132 [Test worker] DEBUG org.springframework.test.annotation.ProfileValueUtils - Retrieved @ProfileValueSourceConfiguration [null] for test class [com.softwarelabs.AppTest]
22:13:17.133 [Test worker] DEBUG org.springframework.test.annotation.ProfileValueUtils - Retrieved ProfileValueSource type [class org.springframework.test.annotation.SystemProfileValueSource] for class [com.softwarelabs.AppTest]
22:13:17.133 [Test worker] DEBUG org.springframework.test.annotation.ProfileValueUtils - Retrieved @ProfileValueSourceConfiguration [null] for test class [com.softwarelabs.AppTest]
22:13:17.133 [Test worker] DEBUG org.springframework.test.annotation.ProfileValueUtils - Retrieved ProfileValueSource type [class org.springframework.test.annotation.SystemProfileValueSource] for class [com.softwarelabs.AppTest]
22:13:17.137 [Test worker] DEBUG org.springframework.test.context.support.AbstractDirtiesContextTestExecutionListener - Before test class: context [DefaultTestContext@44c8a88e testClass = AppTest, testInstance = [null], testMethod = [null], testException = [null], mergedContextConfiguration = [WebMergedContextConfiguration@61364aa4 testClass = AppTest, locations = '{}', classes = '{class com.softwarelabs.App}', contextInitializerClasses = '[]', activeProfiles = '{}', propertySourceLocations = '{}', propertySourceProperties = '{org.springframework.boot.test.context.SpringBootTestContextBootstrapper=true}', contextCustomizers = set[org.springframework.boot.test.autoconfigure.properties.PropertyMappingContextCustomizer@0, org.springframework.boot.test.autoconfigure.web.servlet.WebDriverContextCustomizerFactory$Customizer@48551634, org.springframework.boot.test.context.filter.ExcludeFilterContextCustomizer@21d4e489, org.springframework.boot.test.json.DuplicateJsonObjectContextCustomizerFactory$DuplicateJsonObjectContextCustomizer@17e2cad3, org.springframework.boot.test.mock.mockito.MockitoContextCustomizer@0, org.springframework.boot.test.web.client.TestRestTemplateContextCustomizer@56baa8d8], resourceBasePath = 'src/main/webapp', contextLoader = 'org.springframework.boot.test.context.SpringBootContextLoader', parent = [null]], attributes = map['org.springframework.test.context.web.ServletTestExecutionListener.activateListener' -> true]], class annotated with @DirtiesContext [false] with mode [null].
22:13:17.137 [Test worker] DEBUG org.springframework.test.annotation.ProfileValueUtils - Retrieved @ProfileValueSourceConfiguration [null] for test class [com.softwarelabs.AppTest]
22:13:17.137 [Test worker] DEBUG org.springframework.test.annotation.ProfileValueUtils - Retrieved ProfileValueSource type [class org.springframework.test.annotation.SystemProfileValueSource] for class [com.softwarelabs.AppTest]
22:13:17.154 [Test worker] DEBUG org.springframework.test.context.support.TestPropertySourceUtils - Adding inlined properties to environment: {spring.jmx.enabled=false, org.springframework.boot.test.context.SpringBootTestContextBootstrapper=true, server.port=-1}

  .   ____          _            __ _ _
 /\\ / ___'_ __ _ _(_)_ __  __ _ \ \ \ \
( ( )\___ | '_ | '_| | '_ \/ _` | \ \ \ \
 \\/  ___)| |_)| | | | | || (_| |  ) ) ) )
  '  |____| .__|_| |_|_| |_\__, | / / / /
 =========|_|==============|___/=/_/_/_/
 :: Spring Boot ::        (v2.1.3.RELEASE)

2019-02-20 22:13:17.352  INFO 16961 --- [    Test worker] com.softwarelabs.AppTest                 : Starting AppTest on MBP15-W396HTD6 with PID 16961 (started by erhun.baycelik in /Users/erhun.baycelik/Documents/Development/myWorkspace/softwareLabs/spring-boot-integration-test)
2019-02-20 22:13:17.354  INFO 16961 --- [    Test worker] com.softwarelabs.AppTest                 : No active profile set, falling back to default profiles: default
2019-02-20 22:13:18.664  INFO 16961 --- [    Test worker] o.s.s.concurrent.ThreadPoolTaskExecutor  : Initializing ExecutorService 'applicationTaskExecutor'
2019-02-20 22:13:18.907  INFO 16961 --- [    Test worker] com.softwarelabs.AppTest                 : Started AppTest in 1.744 seconds (JVM running for 2.536)
]]></system-out>
  <system-err><![CDATA[]]></system-err>
</testsuite>
